# JRE version: Java(TM) SE Runtime Environment (8.0_40-b26) (build 1.8.0_40-b26)
# Java VM: Java HotSpot(TM) 64-Bit Server VM (25.40-b25 mixed mode windows-amd64 compressed oops)
Heap:
 PSYoungGen      total 83968K, used 45649K [0x00000000eab00000, 0x00000000f3e00000, 0x0000000100000000)
  eden space 52224K, 37% used [0x00000000eab00000,0x00000000ebe235d8,0x00000000ede00000)
  from space 31744K, 82% used [0x00000000f0800000,0x00000000f2170f10,0x00000000f2700000)
  to   space 43008K, 0% used [0x00000000ede00000,0x00000000ede00000,0x00000000f0800000)
 ParOldGen       total 135168K, used 78682K [0x00000000c0000000, 0x00000000c8400000, 0x00000000eab00000)
  object space 135168K, 58% used [0x00000000c0000000,0x00000000c4cd6ad8,0x00000000c8400000)
 Metaspace       used 27700K, capacity 27990K, committed 28288K, reserved 1073152K
  class space    used 3525K, capacity 3635K, committed 3712K, reserved 1048576K
GC Heap History (10 events):
Event: 38.371 GC heap before
{Heap before GC invocations=9 (full 1):
 PSYoungGen      total 35328K, used 35316K [0x00000000eab00000, 0x00000000eef00000, 0x0000000100000000)
  eden space 29184K, 100% used [0x00000000eab00000,0x00000000ec780000,0x00000000ec780000)
  from space 6144K, 99% used [0x00000000ec780000,0x00000000ecd7d318,0x00000000ecd80000)
  to   space 8704K, 0% used [0x00000000ee680000,0x00000000ee680000,0x00000000eef00000)
 ParOldGen       total 33792K, used 15924K [0x00000000c0000000, 0x00000000c2100000, 0x00000000eab00000)
  object space 33792K, 47% used [0x00000000c0000000,0x00000000c0f8d038,0x00000000c2100000)
 Metaspace       used 27436K, capacity 27780K, committed 28032K, reserved 1073152K
  class space    used 3502K, capacity 3632K, committed 3712K, reserved 1048576K
Event: 38.435 GC heap after
Heap after GC invocations=9 (full 1):
 PSYoungGen      total 49664K, used 8688K [0x00000000eab00000, 0x00000000f0900000, 0x0000000100000000)
  eden space 40960K, 0% used [0x00000000eab00000,0x00000000eab00000,0x00000000ed300000)
  from space 8704K, 99% used [0x00000000ee680000,0x00000000eeefc098,0x00000000eef00000)
  to   space 19968K, 0% used [0x00000000ed300000,0x00000000ed300000,0x00000000ee680000)
 ParOldGen       total 38400K, used 38271K [0x00000000c0000000, 0x00000000c2580000, 0x00000000eab00000)
  object space 38400K, 99% used [0x00000000c0000000,0x00000000c255fe98,0x00000000c2580000)
 Metaspace       used 27436K, capacity 27780K, committed 28032K, reserved 1073152K
  class space    used 3502K, capacity 3632K, committed 3712K, reserved 1048576K
}
Event: 38.435 GC heap before
{Heap before GC invocations=10 (full 2):
 PSYoungGen      total 49664K, used 8688K [0x00000000eab00000, 0x00000000f0900000, 0x0000000100000000)
  eden space 40960K, 0% used [0x00000000eab00000,0x00000000eab00000,0x00000000ed300000)
  from space 8704K, 99% used [0x00000000ee680000,0x00000000eeefc098,0x00000000eef00000)
  to   space 19968K, 0% used [0x00000000ed300000,0x00000000ed300000,0x00000000ee680000)
 ParOldGen       total 38400K, used 38271K [0x00000000c0000000, 0x00000000c2580000, 0x00000000eab00000)
  object space 38400K, 99% used [0x00000000c0000000,0x00000000c255fe98,0x00000000c2580000)
 Metaspace       used 27436K, capacity 27780K, committed 28032K, reserved 1073152K
  class space    used 3502K, capacity 3632K, committed 3712K, reserved 1048576K
Event: 38.724 GC heap after
Heap after GC invocations=10 (full 2):
 PSYoungGen      total 49664K, used 5084K [0x00000000eab00000, 0x00000000f0900000, 0x0000000100000000)
  eden space 40960K, 0% used [0x00000000eab00000,0x00000000eab00000,0x00000000ed300000)
  from space 8704K, 58% used [0x00000000ee680000,0x00000000eeb771e0,0x00000000eef00000)
  to   space 19968K, 0% used [0x00000000ed300000,0x00000000ed300000,0x00000000ee680000)
 ParOldGen       total 78848K, used 37944K [0x00000000c0000000, 0x00000000c4d00000, 0x00000000eab00000)
  object space 78848K, 48% used [0x00000000c0000000,0x00000000c250e078,0x00000000c4d00000)
 Metaspace       used 27436K, capacity 27780K, committed 28032K, reserved 1073152K
  class space    used 3502K, capacity 3632K, committed 3712K, reserved 1048576K
}
Event: 38.856 GC heap before
{Heap before GC invocations=11 (full 2):
 PSYoungGen      total 49664K, used 46044K [0x00000000eab00000, 0x00000000f0900000, 0x0000000100000000)
  eden space 40960K, 100% used [0x00000000eab00000,0x00000000ed300000,0x00000000ed300000)
  from space 8704K, 58% used [0x00000000ee680000,0x00000000eeb771e0,0x00000000eef00000)
  to   space 19968K, 0% used [0x00000000ed300000,0x00000000ed300000,0x00000000ee680000)
 ParOldGen       total 78848K, used 37944K [0x00000000c0000000, 0x00000000c4d00000, 0x00000000eab00000)
  object space 78848K, 48% used [0x00000000c0000000,0x00000000c250e078,0x00000000c4d00000)
 Metaspace       used 27484K, capacity 27780K, committed 28032K, reserved 1073152K
  class space    used 3502K, capacity 3632K, committed 3712K, reserved 1048576K
Event: 38.954 GC heap after
Heap after GC invocations=11 (full 2):
 PSYoungGen      total 60928K, used 19943K [0x00000000eab00000, 0x00000000f2700000, 0x0000000100000000)
  eden space 40960K, 0% used [0x00000000eab00000,0x00000000eab00000,0x00000000ed300000)
  from space 19968K, 99% used [0x00000000ed300000,0x00000000ee679d50,0x00000000ee680000)
  to   space 31744K, 0% used [0x00000000f0800000,0x00000000f0800000,0x00000000f2700000)
 ParOldGen       total 78848K, used 57573K [0x00000000c0000000, 0x00000000c4d00000, 0x00000000eab00000)
  object space 78848K, 73% used [0x00000000c0000000,0x00000000c38395b0,0x00000000c4d00000)
 Metaspace       used 27484K, capacity 27780K, committed 28032K, reserved 1073152K
  class space    used 3502K, capacity 3632K, committed 3712K, reserved 1048576K
}
Event: 39.408 GC heap before
{Heap before GC invocations=12 (full 2):
 PSYoungGen      total 60928K, used 60903K [0x00000000eab00000, 0x00000000f2700000, 0x0000000100000000)
  eden space 40960K, 100% used [0x00000000eab00000,0x00000000ed300000,0x00000000ed300000)
  from space 19968K, 99% used [0x00000000ed300000,0x00000000ee679d50,0x00000000ee680000)
  to   space 31744K, 0% used [0x00000000f0800000,0x00000000f0800000,0x00000000f2700000)
 ParOldGen       total 78848K, used 57573K [0x00000000c0000000, 0x00000000c4d00000, 0x00000000eab00000)
  object space 78848K, 73% used [0x00000000c0000000,0x00000000c38395b0,0x00000000c4d00000)
 Metaspace       used 27696K, capacity 27990K, committed 28288K, reserved 1073152K
  class space    used 3525K, capacity 3635K, committed 3712K, reserved 1048576K
Event: 39.578 GC heap after
Heap after GC invocations=12 (full 2):
 PSYoungGen      total 83968K, used 31712K [0x00000000eab00000, 0x00000000f3e00000, 0x0000000100000000)
  eden space 52224K, 0% used [0x00000000eab00000,0x00000000eab00000,0x00000000ede00000)
  from space 31744K, 99% used [0x00000000f0800000,0x00000000f26f8150,0x00000000f2700000)
  to   space 43008K, 0% used [0x00000000ede00000,0x00000000ede00000,0x00000000f0800000)
 ParOldGen       total 78848K, used 73269K [0x00000000c0000000, 0x00000000c4d00000, 0x00000000eab00000)
  object space 78848K, 92% used [0x00000000c0000000,0x00000000c478d4d8,0x00000000c4d00000)
 Metaspace       used 27696K, capacity 27990K, committed 28288K, reserved 1073152K
  class space    used 3525K, capacity 3635K, committed 3712K, reserved 1048576K
}
Event: 39.578 GC heap before
{Heap before GC invocations=13 (full 3):
 PSYoungGen      total 83968K, used 31712K [0x00000000eab00000, 0x00000000f3e00000, 0x0000000100000000)
  eden space 52224K, 0% used [0x00000000eab00000,0x00000000eab00000,0x00000000ede00000)
  from space 31744K, 99% used [0x00000000f0800000,0x00000000f26f8150,0x00000000f2700000)
  to   space 43008K, 0% used [0x00000000ede00000,0x00000000ede00000,0x00000000f0800000)
 ParOldGen       total 78848K, used 73269K [0x00000000c0000000, 0x00000000c4d00000, 0x00000000eab00000)
  object space 78848K, 92% used [0x00000000c0000000,0x00000000c478d4d8,0x00000000c4d00000)
 Metaspace       used 27696K, capacity 27990K, committed 28288K, reserved 1073152K
  class space    used 3525K, capacity 3635K, committed 3712K, reserved 1048576K
Event: 40.300 GC heap after
Heap after GC invocations=13 (full 3):
 PSYoungGen      total 83968K, used 26051K [0x00000000eab00000, 0x00000000f3e00000, 0x0000000100000000)
  eden space 52224K, 0% used [0x00000000eab00000,0x00000000eab00000,0x00000000ede00000)
  from space 31744K, 82% used [0x00000000f0800000,0x00000000f2170f10,0x00000000f2700000)
  to   space 43008K, 0% used [0x00000000ede00000,0x00000000ede00000,0x00000000f0800000)
 ParOldGen       total 135168K, used 78682K [0x00000000c0000000, 0x00000000c8400000, 0x00000000eab00000)
  object space 135168K, 58% used [0x00000000c0000000,0x00000000c4cd6ad8,0x00000000c8400000)
 Metaspace       used 27696K, capacity 27990K, committed 28288K, reserved 1073152K
  class space    used 3525K, capacity 3635K, committed 3712K, reserved 1048576K
}

