# JRE version: Java(TM) SE Runtime Environment (8.0_40-b26) (build 1.8.0_40-b26)
# Java VM: Java HotSpot(TM) 64-Bit Server VM (25.40-b25 mixed mode windows-amd64 compressed oops)
Heap:
 PSYoungGen      total 18944K, used 2845K [0x00000000eab00000, 0x00000000ed080000, 0x0000000100000000)
  eden space 16384K, 1% used [0x00000000eab00000,0x00000000eab49340,0x00000000ebb00000)
  from space 2560K, 99% used [0x00000000ebb00000,0x00000000ebd7e370,0x00000000ebd80000)
  to   space 6144K, 0% used [0x00000000eca80000,0x00000000eca80000,0x00000000ed080000)
 ParOldGen       total 54784K, used 46216K [0x00000000c0000000, 0x00000000c3580000, 0x00000000eab00000)
  object space 54784K, 84% used [0x00000000c0000000,0x00000000c2d221d8,0x00000000c3580000)
 Metaspace       used 24893K, capacity 25204K, committed 25600K, reserved 1071104K
  class space    used 3147K, capacity 3246K, committed 3328K, reserved 1048576K
GC Heap History (10 events):
Event: 4.801 GC heap before
{Heap before GC invocations=2 (full 0):
 PSYoungGen      total 18944K, used 18915K [0x00000000eab00000, 0x00000000ec000000, 0x0000000100000000)
  eden space 16384K, 100% used [0x00000000eab00000,0x00000000ebb00000,0x00000000ebb00000)
  from space 2560K, 98% used [0x00000000ebb00000,0x00000000ebd78d20,0x00000000ebd80000)
  to   space 2560K, 0% used [0x00000000ebd80000,0x00000000ebd80000,0x00000000ec000000)
 ParOldGen       total 44032K, used 1982K [0x00000000c0000000, 0x00000000c2b00000, 0x00000000eab00000)
  object space 44032K, 4% used [0x00000000c0000000,0x00000000c01efbd8,0x00000000c2b00000)
 Metaspace       used 19009K, capacity 19282K, committed 19456K, reserved 1067008K
  class space    used 2423K, capacity 2535K, committed 2560K, reserved 1048576K
Event: 4.814 GC heap after
Heap after GC invocations=2 (full 0):
 PSYoungGen      total 18944K, used 2530K [0x00000000eab00000, 0x00000000ec000000, 0x0000000100000000)
  eden space 16384K, 0% used [0x00000000eab00000,0x00000000eab00000,0x00000000ebb00000)
  from space 2560K, 98% used [0x00000000ebd80000,0x00000000ebff88c8,0x00000000ec000000)
  to   space 2560K, 0% used [0x00000000ebb00000,0x00000000ebb00000,0x00000000ebd80000)
 ParOldGen       total 44032K, used 4805K [0x00000000c0000000, 0x00000000c2b00000, 0x00000000eab00000)
  object space 44032K, 10% used [0x00000000c0000000,0x00000000c04b1790,0x00000000c2b00000)
 Metaspace       used 19009K, capacity 19282K, committed 19456K, reserved 1067008K
  class space    used 2423K, capacity 2535K, committed 2560K, reserved 1048576K
}
Event: 5.754 GC heap before
{Heap before GC invocations=3 (full 0):
 PSYoungGen      total 18944K, used 6848K [0x00000000eab00000, 0x00000000ec000000, 0x0000000100000000)
  eden space 16384K, 26% used [0x00000000eab00000,0x00000000eaf377c8,0x00000000ebb00000)
  from space 2560K, 98% used [0x00000000ebd80000,0x00000000ebff88c8,0x00000000ec000000)
  to   space 2560K, 0% used [0x00000000ebb00000,0x00000000ebb00000,0x00000000ebd80000)
 ParOldGen       total 44032K, used 4805K [0x00000000c0000000, 0x00000000c2b00000, 0x00000000eab00000)
  object space 44032K, 10% used [0x00000000c0000000,0x00000000c04b1790,0x00000000c2b00000)
 Metaspace       used 20773K, capacity 21044K, committed 21296K, reserved 1067008K
  class space    used 2745K, capacity 2862K, committed 2944K, reserved 1048576K
Event: 5.773 GC heap after
Heap after GC invocations=3 (full 0):
 PSYoungGen      total 18944K, used 2560K [0x00000000eab00000, 0x00000000ec000000, 0x0000000100000000)
  eden space 16384K, 0% used [0x00000000eab00000,0x00000000eab00000,0x00000000ebb00000)
  from space 2560K, 100% used [0x00000000ebb00000,0x00000000ebd80000,0x00000000ebd80000)
  to   space 2560K, 0% used [0x00000000ebd80000,0x00000000ebd80000,0x00000000ec000000)
 ParOldGen       total 44032K, used 5793K [0x00000000c0000000, 0x00000000c2b00000, 0x00000000eab00000)
  object space 44032K, 13% used [0x00000000c0000000,0x00000000c05a8520,0x00000000c2b00000)
 Metaspace       used 20773K, capacity 21044K, committed 21296K, reserved 1067008K
  class space    used 2745K, capacity 2862K, committed 2944K, reserved 1048576K
}
Event: 5.773 GC heap before
{Heap before GC invocations=4 (full 1):
 PSYoungGen      total 18944K, used 2560K [0x00000000eab00000, 0x00000000ec000000, 0x0000000100000000)
  eden space 16384K, 0% used [0x00000000eab00000,0x00000000eab00000,0x00000000ebb00000)
  from space 2560K, 100% used [0x00000000ebb00000,0x00000000ebd80000,0x00000000ebd80000)
  to   space 2560K, 0% used [0x00000000ebd80000,0x00000000ebd80000,0x00000000ec000000)
 ParOldGen       total 44032K, used 5793K [0x00000000c0000000, 0x00000000c2b00000, 0x00000000eab00000)
  object space 44032K, 13% used [0x00000000c0000000,0x00000000c05a8520,0x00000000c2b00000)
 Metaspace       used 20773K, capacity 21044K, committed 21296K, reserved 1067008K
  class space    used 2745K, capacity 2862K, committed 2944K, reserved 1048576K
Event: 5.833 GC heap after
Heap after GC invocations=4 (full 1):
 PSYoungGen      total 18944K, used 0K [0x00000000eab00000, 0x00000000ec000000, 0x0000000100000000)
  eden space 16384K, 0% used [0x00000000eab00000,0x00000000eab00000,0x00000000ebb00000)
  from space 2560K, 0% used [0x00000000ebb00000,0x00000000ebb00000,0x00000000ebd80000)
  to   space 2560K, 0% used [0x00000000ebd80000,0x00000000ebd80000,0x00000000ec000000)
 ParOldGen       total 36352K, used 7552K [0x00000000c0000000, 0x00000000c2380000, 0x00000000eab00000)
  object space 36352K, 20% used [0x00000000c0000000,0x00000000c0760160,0x00000000c2380000)
 Metaspace       used 20773K, capacity 21044K, committed 21296K, reserved 1067008K
  class space    used 2745K, capacity 2862K, committed 2944K, reserved 1048576K
}
Event: 11.568 GC heap before
{Heap before GC invocations=5 (full 1):
 PSYoungGen      total 18944K, used 16384K [0x00000000eab00000, 0x00000000ec000000, 0x0000000100000000)
  eden space 16384K, 100% used [0x00000000eab00000,0x00000000ebb00000,0x00000000ebb00000)
  from space 2560K, 0% used [0x00000000ebb00000,0x00000000ebb00000,0x00000000ebd80000)
  to   space 2560K, 0% used [0x00000000ebd80000,0x00000000ebd80000,0x00000000ec000000)
 ParOldGen       total 54784K, used 44188K [0x00000000c0000000, 0x00000000c3580000, 0x00000000eab00000)
  object space 54784K, 80% used [0x00000000c0000000,0x00000000c2b272a0,0x00000000c3580000)
 Metaspace       used 23211K, capacity 23572K, committed 23936K, reserved 1071104K
  class space    used 2955K, capacity 3086K, committed 3200K, reserved 1048576K
Event: 11.574 GC heap after
Heap after GC invocations=5 (full 1):
 PSYoungGen      total 18944K, used 2431K [0x00000000eab00000, 0x00000000ec700000, 0x0000000100000000)
  eden space 16384K, 0% used [0x00000000eab00000,0x00000000eab00000,0x00000000ebb00000)
  from space 2560K, 94% used [0x00000000ebd80000,0x00000000ebfdfc88,0x00000000ec000000)
  to   space 2560K, 0% used [0x00000000ebb00000,0x00000000ebb00000,0x00000000ebd80000)
 ParOldGen       total 54784K, used 44196K [0x00000000c0000000, 0x00000000c3580000, 0x00000000eab00000)
  object space 54784K, 80% used [0x00000000c0000000,0x00000000c2b292a0,0x00000000c3580000)
 Metaspace       used 23211K, capacity 23572K, committed 23936K, reserved 1071104K
  class space    used 2955K, capacity 3086K, committed 3200K, reserved 1048576K
}
Event: 11.877 GC heap before
{Heap before GC invocations=6 (full 1):
 PSYoungGen      total 18944K, used 18815K [0x00000000eab00000, 0x00000000ec700000, 0x0000000100000000)
  eden space 16384K, 100% used [0x00000000eab00000,0x00000000ebb00000,0x00000000ebb00000)
  from space 2560K, 94% used [0x00000000ebd80000,0x00000000ebfdfc88,0x00000000ec000000)
  to   space 2560K, 0% used [0x00000000ebb00000,0x00000000ebb00000,0x00000000ebd80000)
 ParOldGen       total 54784K, used 44196K [0x00000000c0000000, 0x00000000c3580000, 0x00000000eab00000)
  object space 54784K, 80% used [0x00000000c0000000,0x00000000c2b292a0,0x00000000c3580000)
 Metaspace       used 24893K, capacity 25204K, committed 25600K, reserved 1071104K
  class space    used 3147K, capacity 3246K, committed 3328K, reserved 1048576K
Event: 11.887 GC heap after
Heap after GC invocations=6 (full 1):
 PSYoungGen      total 18944K, used 2552K [0x00000000eab00000, 0x00000000ed080000, 0x0000000100000000)
  eden space 16384K, 0% used [0x00000000eab00000,0x00000000eab00000,0x00000000ebb00000)
  from space 2560K, 99% used [0x00000000ebb00000,0x00000000ebd7e370,0x00000000ebd80000)
  to   space 6144K, 0% used [0x00000000eca80000,0x00000000eca80000,0x00000000ed080000)
 ParOldGen       total 54784K, used 46216K [0x00000000c0000000, 0x00000000c3580000, 0x00000000eab00000)
  object space 54784K, 84% used [0x00000000c0000000,0x00000000c2d221d8,0x00000000c3580000)
 Metaspace       used 24893K, capacity 25204K, committed 25600K, reserved 1071104K
  class space    used 3147K, capacity 3246K, committed 3328K, reserved 1048576K
}

