# JRE version: Java(TM) SE Runtime Environment (8.0_40-b26) (build 1.8.0_40-b26)
# Java VM: Java HotSpot(TM) 64-Bit Server VM (25.40-b25 mixed mode windows-amd64 compressed oops)
Heap:
 PSYoungGen      total 73216K, used 15421K [0x00000000eab00000, 0x00000000f2080000, 0x0000000100000000)
  eden space 43520K, 5% used [0x00000000eab00000,0x00000000ead87718,0x00000000ed580000)
  from space 29696K, 43% used [0x00000000f0380000,0x00000000f1008000,0x00000000f2080000)
  to   space 38400K, 0% used [0x00000000ed580000,0x00000000ed580000,0x00000000efb00000)
 ParOldGen       total 145408K, used 107214K [0x00000000c0000000, 0x00000000c8e00000, 0x00000000eab00000)
  object space 145408K, 73% used [0x00000000c0000000,0x00000000c68b3980,0x00000000c8e00000)
 Metaspace       used 27660K, capacity 28008K, committed 28288K, reserved 1073152K
  class space    used 3525K, capacity 3638K, committed 3712K, reserved 1048576K
GC Heap History (10 events):
Event: 16.626 GC heap before
{Heap before GC invocations=11 (full 2):
 PSYoungGen      total 40960K, used 31727K [0x00000000eab00000, 0x00000000eff00000, 0x0000000100000000)
  eden space 29184K, 100% used [0x00000000eab00000,0x00000000ec780000,0x00000000ec780000)
  from space 11776K, 21% used [0x00000000edc00000,0x00000000ede7bd68,0x00000000ee780000)
  to   space 20992K, 0% used [0x00000000ec780000,0x00000000ec780000,0x00000000edc00000)
 ParOldGen       total 84992K, used 39967K [0x00000000c0000000, 0x00000000c5300000, 0x00000000eab00000)
  object space 84992K, 47% used [0x00000000c0000000,0x00000000c2707f18,0x00000000c5300000)
 Metaspace       used 27385K, capacity 27670K, committed 28032K, reserved 1073152K
  class space    used 3502K, capacity 3635K, committed 3712K, reserved 1048576K
Event: 16.686 GC heap after
Heap after GC invocations=11 (full 2):
 PSYoungGen      total 50176K, used 20960K [0x00000000eab00000, 0x00000000f0b00000, 0x0000000100000000)
  eden space 29184K, 0% used [0x00000000eab00000,0x00000000eab00000,0x00000000ec780000)
  from space 20992K, 99% used [0x00000000ec780000,0x00000000edbf8100,0x00000000edc00000)
  to   space 27136K, 0% used [0x00000000ef080000,0x00000000ef080000,0x00000000f0b00000)
 ParOldGen       total 84992K, used 46060K [0x00000000c0000000, 0x00000000c5300000, 0x00000000eab00000)
  object space 84992K, 54% used [0x00000000c0000000,0x00000000c2cfb230,0x00000000c5300000)
 Metaspace       used 27385K, capacity 27670K, committed 28032K, reserved 1073152K
  class space    used 3502K, capacity 3635K, committed 3712K, reserved 1048576K
}
Event: 16.779 GC heap before
{Heap before GC invocations=12 (full 2):
 PSYoungGen      total 50176K, used 50144K [0x00000000eab00000, 0x00000000f0b00000, 0x0000000100000000)
  eden space 29184K, 100% used [0x00000000eab00000,0x00000000ec780000,0x00000000ec780000)
  from space 20992K, 99% used [0x00000000ec780000,0x00000000edbf8100,0x00000000edc00000)
  to   space 27136K, 0% used [0x00000000ef080000,0x00000000ef080000,0x00000000f0b00000)
 ParOldGen       total 84992K, used 46060K [0x00000000c0000000, 0x00000000c5300000, 0x00000000eab00000)
  object space 84992K, 54% used [0x00000000c0000000,0x00000000c2cfb230,0x00000000c5300000)
 Metaspace       used 27441K, capacity 27734K, committed 28032K, reserved 1073152K
  class space    used 3502K, capacity 3635K, committed 3712K, reserved 1048576K
Event: 16.876 GC heap after
Heap after GC invocations=12 (full 2):
 PSYoungGen      total 59392K, used 27104K [0x00000000eab00000, 0x00000000f2380000, 0x0000000100000000)
  eden space 32256K, 0% used [0x00000000eab00000,0x00000000eab00000,0x00000000eca80000)
  from space 27136K, 99% used [0x00000000ef080000,0x00000000f0af8160,0x00000000f0b00000)
  to   space 38912K, 0% used [0x00000000eca80000,0x00000000eca80000,0x00000000ef080000)
 ParOldGen       total 84992K, used 64796K [0x00000000c0000000, 0x00000000c5300000, 0x00000000eab00000)
  object space 84992K, 76% used [0x00000000c0000000,0x00000000c3f472f0,0x00000000c5300000)
 Metaspace       used 27441K, capacity 27734K, committed 28032K, reserved 1073152K
  class space    used 3502K, capacity 3635K, committed 3712K, reserved 1048576K
}
Event: 17.616 GC heap before
{Heap before GC invocations=13 (full 2):
 PSYoungGen      total 59392K, used 59360K [0x00000000eab00000, 0x00000000f2380000, 0x0000000100000000)
  eden space 32256K, 100% used [0x00000000eab00000,0x00000000eca80000,0x00000000eca80000)
  from space 27136K, 99% used [0x00000000ef080000,0x00000000f0af8160,0x00000000f0b00000)
  to   space 38912K, 0% used [0x00000000eca80000,0x00000000eca80000,0x00000000ef080000)
 ParOldGen       total 84992K, used 64796K [0x00000000c0000000, 0x00000000c5300000, 0x00000000eab00000)
  object space 84992K, 76% used [0x00000000c0000000,0x00000000c3f472f0,0x00000000c5300000)
 Metaspace       used 27647K, capacity 28008K, committed 28288K, reserved 1073152K
  class space    used 3525K, capacity 3638K, committed 3712K, reserved 1048576K
Event: 17.734 GC heap after
Heap after GC invocations=13 (full 2):
 PSYoungGen      total 71168K, used 25056K [0x00000000eab00000, 0x00000000f2b00000, 0x0000000100000000)
  eden space 32256K, 0% used [0x00000000eab00000,0x00000000eab00000,0x00000000eca80000)
  from space 38912K, 64% used [0x00000000eca80000,0x00000000ee2f80d0,0x00000000ef080000)
  to   space 40448K, 0% used [0x00000000f0380000,0x00000000f0380000,0x00000000f2b00000)
 ParOldGen       total 84992K, used 82596K [0x00000000c0000000, 0x00000000c5300000, 0x00000000eab00000)
  object space 84992K, 97% used [0x00000000c0000000,0x00000000c50a93f0,0x00000000c5300000)
 Metaspace       used 27647K, capacity 28008K, committed 28288K, reserved 1073152K
  class space    used 3525K, capacity 3638K, committed 3712K, reserved 1048576K
}
Event: 17.735 GC heap before
{Heap before GC invocations=14 (full 3):
 PSYoungGen      total 71168K, used 25056K [0x00000000eab00000, 0x00000000f2b00000, 0x0000000100000000)
  eden space 32256K, 0% used [0x00000000eab00000,0x00000000eab00000,0x00000000eca80000)
  from space 38912K, 64% used [0x00000000eca80000,0x00000000ee2f80d0,0x00000000ef080000)
  to   space 40448K, 0% used [0x00000000f0380000,0x00000000f0380000,0x00000000f2b00000)
 ParOldGen       total 84992K, used 82596K [0x00000000c0000000, 0x00000000c5300000, 0x00000000eab00000)
  object space 84992K, 97% used [0x00000000c0000000,0x00000000c50a93f0,0x00000000c5300000)
 Metaspace       used 27647K, capacity 28008K, committed 28288K, reserved 1073152K
  class space    used 3525K, capacity 3638K, committed 3712K, reserved 1048576K
Event: 18.391 GC heap after
Heap after GC invocations=14 (full 3):
 PSYoungGen      total 71168K, used 22408K [0x00000000eab00000, 0x00000000f2b00000, 0x0000000100000000)
  eden space 32256K, 0% used [0x00000000eab00000,0x00000000eab00000,0x00000000eca80000)
  from space 38912K, 57% used [0x00000000eca80000,0x00000000ee0620f0,0x00000000ef080000)
  to   space 40448K, 0% used [0x00000000f0380000,0x00000000f0380000,0x00000000f2b00000)
 ParOldGen       total 145408K, used 84816K [0x00000000c0000000, 0x00000000c8e00000, 0x00000000eab00000)
  object space 145408K, 58% used [0x00000000c0000000,0x00000000c52d4258,0x00000000c8e00000)
 Metaspace       used 27647K, capacity 28008K, committed 28288K, reserved 1073152K
  class space    used 3525K, capacity 3638K, committed 3712K, reserved 1048576K
}
Event: 18.587 GC heap before
{Heap before GC invocations=15 (full 3):
 PSYoungGen      total 71168K, used 54664K [0x00000000eab00000, 0x00000000f2b00000, 0x0000000100000000)
  eden space 32256K, 100% used [0x00000000eab00000,0x00000000eca80000,0x00000000eca80000)
  from space 38912K, 57% used [0x00000000eca80000,0x00000000ee0620f0,0x00000000ef080000)
  to   space 40448K, 0% used [0x00000000f0380000,0x00000000f0380000,0x00000000f2b00000)
 ParOldGen       total 145408K, used 84816K [0x00000000c0000000, 0x00000000c8e00000, 0x00000000eab00000)
  object space 145408K, 58% used [0x00000000c0000000,0x00000000c52d4258,0x00000000c8e00000)
 Metaspace       used 27660K, capacity 28008K, committed 28288K, reserved 1073152K
  class space    used 3525K, capacity 3638K, committed 3712K, reserved 1048576K
Event: 18.701 GC heap after
Heap after GC invocations=15 (full 3):
 PSYoungGen      total 73216K, used 12832K [0x00000000eab00000, 0x00000000f2080000, 0x0000000100000000)
  eden space 43520K, 0% used [0x00000000eab00000,0x00000000eab00000,0x00000000ed580000)
  from space 29696K, 43% used [0x00000000f0380000,0x00000000f1008000,0x00000000f2080000)
  to   space 38400K, 0% used [0x00000000ed580000,0x00000000ed580000,0x00000000efb00000)
 ParOldGen       total 145408K, used 107214K [0x00000000c0000000, 0x00000000c8e00000, 0x00000000eab00000)
  object space 145408K, 73% used [0x00000000c0000000,0x00000000c68b3980,0x00000000c8e00000)
 Metaspace       used 27660K, capacity 28008K, committed 28288K, reserved 1073152K
  class space    used 3525K, capacity 3638K, committed 3712K, reserved 1048576K
}

