# JRE version: Java(TM) SE Runtime Environment (8.0_40-b26) (build 1.8.0_40-b26)
# Java VM: Java HotSpot(TM) 64-Bit Server VM (25.40-b25 mixed mode windows-amd64 compressed oops)
Heap:
 PSYoungGen      total 102400K, used 5773K [0x00000000eab00000, 0x00000000f3780000, 0x0000000100000000)
  eden space 60416K, 2% used [0x00000000eab00000,0x00000000eac72200,0x00000000ee600000)
  from space 41984K, 10% used [0x00000000f0e00000,0x00000000f1231420,0x00000000f3700000)
  to   space 40960K, 0% used [0x00000000ee600000,0x00000000ee600000,0x00000000f0e00000)
 ParOldGen       total 225792K, used 149279K [0x00000000c0000000, 0x00000000cdc80000, 0x00000000eab00000)
  object space 225792K, 66% used [0x00000000c0000000,0x00000000c91c7c48,0x00000000cdc80000)
 Metaspace       used 28632K, capacity 28988K, committed 29440K, reserved 1075200K
  class space    used 3607K, capacity 3716K, committed 3840K, reserved 1048576K
GC Heap History (10 events):
Event: 315.762 GC heap before
{Heap before GC invocations=15 (full 3):
 PSYoungGen      total 62976K, used 62944K [0x00000000eab00000, 0x00000000f1700000, 0x0000000100000000)
  eden space 44032K, 100% used [0x00000000eab00000,0x00000000ed600000,0x00000000ed600000)
  from space 18944K, 99% used [0x00000000ed600000,0x00000000ee8780f0,0x00000000ee880000)
  to   space 29184K, 0% used [0x00000000efa80000,0x00000000efa80000,0x00000000f1700000)
 ParOldGen       total 90624K, used 69759K [0x00000000c0000000, 0x00000000c5880000, 0x00000000eab00000)
  object space 90624K, 76% used [0x00000000c0000000,0x00000000c441fd78,0x00000000c5880000)
 Metaspace       used 28401K, capacity 28734K, committed 29056K, reserved 1075200K
  class space    used 3568K, capacity 3679K, committed 3712K, reserved 1048576K
Event: 315.984 GC heap after
Heap after GC invocations=15 (full 3):
 PSYoungGen      total 78336K, used 24160K [0x00000000eab00000, 0x00000000f1f80000, 0x0000000100000000)
  eden space 49152K, 0% used [0x00000000eab00000,0x00000000eab00000,0x00000000edb00000)
  from space 29184K, 82% used [0x00000000efa80000,0x00000000f12180a0,0x00000000f1700000)
  to   space 32256K, 0% used [0x00000000edb00000,0x00000000edb00000,0x00000000efa80000)
 ParOldGen       total 90624K, used 88735K [0x00000000c0000000, 0x00000000c5880000, 0x00000000eab00000)
  object space 90624K, 97% used [0x00000000c0000000,0x00000000c56a7e68,0x00000000c5880000)
 Metaspace       used 28401K, capacity 28734K, committed 29056K, reserved 1075200K
  class space    used 3568K, capacity 3679K, committed 3712K, reserved 1048576K
}
Event: 315.984 GC heap before
{Heap before GC invocations=16 (full 4):
 PSYoungGen      total 78336K, used 24160K [0x00000000eab00000, 0x00000000f1f80000, 0x0000000100000000)
  eden space 49152K, 0% used [0x00000000eab00000,0x00000000eab00000,0x00000000edb00000)
  from space 29184K, 82% used [0x00000000efa80000,0x00000000f12180a0,0x00000000f1700000)
  to   space 32256K, 0% used [0x00000000edb00000,0x00000000edb00000,0x00000000efa80000)
 ParOldGen       total 90624K, used 88735K [0x00000000c0000000, 0x00000000c5880000, 0x00000000eab00000)
  object space 90624K, 97% used [0x00000000c0000000,0x00000000c56a7e68,0x00000000c5880000)
 Metaspace       used 28401K, capacity 28734K, committed 29056K, reserved 1075200K
  class space    used 3568K, capacity 3679K, committed 3712K, reserved 1048576K
Event: 317.018 GC heap after
Heap after GC invocations=16 (full 4):
 PSYoungGen      total 78336K, used 22043K [0x00000000eab00000, 0x00000000f1f80000, 0x0000000100000000)
  eden space 49152K, 0% used [0x00000000eab00000,0x00000000eab00000,0x00000000edb00000)
  from space 29184K, 75% used [0x00000000efa80000,0x00000000f1006ca8,0x00000000f1700000)
  to   space 32256K, 0% used [0x00000000edb00000,0x00000000edb00000,0x00000000efa80000)
 ParOldGen       total 149504K, used 90612K [0x00000000c0000000, 0x00000000c9200000, 0x00000000eab00000)
  object space 149504K, 60% used [0x00000000c0000000,0x00000000c587d2e8,0x00000000c9200000)
 Metaspace       used 28401K, capacity 28734K, committed 29056K, reserved 1075200K
  class space    used 3568K, capacity 3679K, committed 3712K, reserved 1048576K
}
Event: 317.157 GC heap before
{Heap before GC invocations=17 (full 4):
 PSYoungGen      total 78336K, used 71195K [0x00000000eab00000, 0x00000000f1f80000, 0x0000000100000000)
  eden space 49152K, 100% used [0x00000000eab00000,0x00000000edb00000,0x00000000edb00000)
  from space 29184K, 75% used [0x00000000efa80000,0x00000000f1006ca8,0x00000000f1700000)
  to   space 32256K, 0% used [0x00000000edb00000,0x00000000edb00000,0x00000000efa80000)
 ParOldGen       total 149504K, used 90612K [0x00000000c0000000, 0x00000000c9200000, 0x00000000eab00000)
  object space 149504K, 60% used [0x00000000c0000000,0x00000000c587d2e8,0x00000000c9200000)
 Metaspace       used 28412K, capacity 28734K, committed 29056K, reserved 1075200K
  class space    used 3568K, capacity 3679K, committed 3712K, reserved 1048576K
Event: 317.368 GC heap after
Heap after GC invocations=17 (full 4):
 PSYoungGen      total 81408K, used 32224K [0x00000000eab00000, 0x00000000f3700000, 0x0000000100000000)
  eden space 49152K, 0% used [0x00000000eab00000,0x00000000eab00000,0x00000000edb00000)
  from space 32256K, 99% used [0x00000000edb00000,0x00000000efa78090,0x00000000efa80000)
  to   space 41984K, 0% used [0x00000000f0e00000,0x00000000f0e00000,0x00000000f3700000)
 ParOldGen       total 149504K, used 101300K [0x00000000c0000000, 0x00000000c9200000, 0x00000000eab00000)
  object space 149504K, 67% used [0x00000000c0000000,0x00000000c62ed2e8,0x00000000c9200000)
 Metaspace       used 28412K, capacity 28734K, committed 29056K, reserved 1075200K
  class space    used 3568K, capacity 3679K, committed 3712K, reserved 1048576K
}
Event: 317.891 GC heap before
{Heap before GC invocations=18 (full 4):
 PSYoungGen      total 81408K, used 81376K [0x00000000eab00000, 0x00000000f3700000, 0x0000000100000000)
  eden space 49152K, 100% used [0x00000000eab00000,0x00000000edb00000,0x00000000edb00000)
  from space 32256K, 99% used [0x00000000edb00000,0x00000000efa78090,0x00000000efa80000)
  to   space 41984K, 0% used [0x00000000f0e00000,0x00000000f0e00000,0x00000000f3700000)
 ParOldGen       total 149504K, used 101300K [0x00000000c0000000, 0x00000000c9200000, 0x00000000eab00000)
  object space 149504K, 67% used [0x00000000c0000000,0x00000000c62ed2e8,0x00000000c9200000)
 Metaspace       used 28628K, capacity 28988K, committed 29440K, reserved 1075200K
  class space    used 3607K, capacity 3716K, committed 3840K, reserved 1048576K
Event: 318.119 GC heap after
Heap after GC invocations=18 (full 4):
 PSYoungGen      total 102400K, used 20212K [0x00000000eab00000, 0x00000000f3780000, 0x0000000100000000)
  eden space 60416K, 0% used [0x00000000eab00000,0x00000000eab00000,0x00000000ee600000)
  from space 41984K, 48% used [0x00000000f0e00000,0x00000000f21bd018,0x00000000f3700000)
  to   space 40960K, 0% used [0x00000000ee600000,0x00000000ee600000,0x00000000f0e00000)
 ParOldGen       total 149504K, used 133620K [0x00000000c0000000, 0x00000000c9200000, 0x00000000eab00000)
  object space 149504K, 89% used [0x00000000c0000000,0x00000000c827d378,0x00000000c9200000)
 Metaspace       used 28628K, capacity 28988K, committed 29440K, reserved 1075200K
  class space    used 3607K, capacity 3716K, committed 3840K, reserved 1048576K
}
Event: 318.119 GC heap before
{Heap before GC invocations=19 (full 5):
 PSYoungGen      total 102400K, used 20212K [0x00000000eab00000, 0x00000000f3780000, 0x0000000100000000)
  eden space 60416K, 0% used [0x00000000eab00000,0x00000000eab00000,0x00000000ee600000)
  from space 41984K, 48% used [0x00000000f0e00000,0x00000000f21bd018,0x00000000f3700000)
  to   space 40960K, 0% used [0x00000000ee600000,0x00000000ee600000,0x00000000f0e00000)
 ParOldGen       total 149504K, used 133620K [0x00000000c0000000, 0x00000000c9200000, 0x00000000eab00000)
  object space 149504K, 89% used [0x00000000c0000000,0x00000000c827d378,0x00000000c9200000)
 Metaspace       used 28628K, capacity 28988K, committed 29440K, reserved 1075200K
  class space    used 3607K, capacity 3716K, committed 3840K, reserved 1048576K
Event: 319.954 GC heap after
Heap after GC invocations=19 (full 5):
 PSYoungGen      total 102400K, used 4293K [0x00000000eab00000, 0x00000000f3780000, 0x0000000100000000)
  eden space 60416K, 0% used [0x00000000eab00000,0x00000000eab00000,0x00000000ee600000)
  from space 41984K, 10% used [0x00000000f0e00000,0x00000000f1231420,0x00000000f3700000)
  to   space 40960K, 0% used [0x00000000ee600000,0x00000000ee600000,0x00000000f0e00000)
 ParOldGen       total 225792K, used 149279K [0x00000000c0000000, 0x00000000cdc80000, 0x00000000eab00000)
  object space 225792K, 66% used [0x00000000c0000000,0x00000000c91c7c48,0x00000000cdc80000)
 Metaspace       used 28628K, capacity 28988K, committed 29440K, reserved 1075200K
  class space    used 3607K, capacity 3716K, committed 3840K, reserved 1048576K
}

